[2024-09-26 14:04:53] [INFO] 1 event(s) loaded successfully.
[2024-09-26 14:04:53] [INFO] 0 event(s) failed to load => 
[2024-09-26 14:04:53] [INFO] 2 event(s) loaded successfully.
[2024-09-26 14:04:53] [INFO] 0 event(s) failed to load => 
[2024-09-26 14:04:53] [DOCS] API: osu! api v2 connection established. - 
[2024-09-26 14:04:54] [DOCS] DATABASE: MongoDB connection established. - 
[2024-09-26 14:04:54] [INFO] alicia síntesis treinta is online!
[2024-09-26 14:04:54] [INFO] 4 command(s) loaded successfully.
[2024-09-26 14:04:54] [INFO] 0 command(s) failed to load => 
[2024-09-26 14:04:54] [DOCS] TRACKING: osu!droid score tracking is running. Currently there are 5 - 
[2024-09-26 14:12:32] [INFO] 1 event(s) loaded successfully.
[2024-09-26 14:12:32] [INFO] 0 event(s) failed to load => 
[2024-09-26 14:12:32] [INFO] 2 event(s) loaded successfully.
[2024-09-26 14:12:32] [INFO] 0 event(s) failed to load => 
[2024-09-26 14:12:33] [DOCS] API: osu! api v2 connection established. - 
[2024-09-26 14:12:33] [INFO] alicia síntesis treinta is online!
[2024-09-26 14:12:33] [DOCS] DATABASE: MongoDB connection established. - 
[2024-09-26 14:12:34] [INFO] 4 command(s) loaded successfully.
[2024-09-26 14:12:34] [INFO] 0 command(s) failed to load => 
[2024-09-26 14:12:34] [DOCS] TRACKING: osu!droid score tracking is running. Currently there are 5 - 
[2024-09-26 14:13:05] [INFO] EVENTS: 1 event(s) loaded successfully.
[2024-09-26 14:13:05] [INFO] EVENTS: 2 event(s) loaded successfully.
[2024-09-26 14:13:06] [INFO] API: osu! api v2 connection established.
[2024-09-26 14:13:06] [INFO] DATABASE: MongoDB connection established.
[2024-09-26 14:13:06] [INFO] alicia síntesis treinta is online!
[2024-09-26 14:13:07] [INFO] COMMANDS: 4 command(s) loaded successfully.
[2024-09-26 14:13:07] [SPONSOR] TRACKING: osu!droid score tracking is running. Currently there are 5 users.
[2024-09-26 14:14:35] [INFO] EVENTS: 2 event(s) loaded successfully.
[2024-09-26 14:14:36] [INFO] API: osu! api v2 connection established.
[2024-09-26 14:14:36] [INFO] DATABASE: MongoDB connection established.
[2024-09-26 14:14:37] [INFO] alicia síntesis treinta is online!
[2024-09-26 14:14:37] [INFO] COMMANDS: 4 command(s) loaded successfully.
[2024-09-26 14:14:37] [SPONSOR] TRACKING: osu!droid score tracking is running. Currently there are 5 users.
[2024-09-26 17:24:15] [INFO] EVENTS: 2 event(s) loaded successfully.
[2024-09-26 17:24:15] [INFO] API: osu! api v2 connection established.
[2024-09-26 17:24:16] [INFO] DATABASE: MongoDB connection established.
[2024-09-26 17:24:16] [INFO] alicia síntesis treinta is online!
[2024-09-26 17:24:16] [INFO] COMMANDS: 4 command(s) loaded successfully.
[2024-09-26 17:27:14] [INFO] EVENTS: 2 event(s) loaded successfully.
[2024-09-26 17:27:14] [INFO] API: osu! api v2 connection established.
[2024-09-26 17:27:15] [INFO] DATABASE: MongoDB connection established.
[2024-09-26 17:27:15] [INFO] alicia síntesis treinta is online!
[2024-09-26 17:27:15] [INFO] COMMANDS: 4 command(s) loaded successfully.
[2024-09-26 17:30:07] [INFO] EVENTS: 2 event(s) loaded successfully.
[2024-09-26 17:30:07] [INFO] API: osu! api v2 connection established.
[2024-09-26 17:30:08] [INFO] DATABASE: MongoDB connection established.
[2024-09-26 17:30:08] [INFO] alicia síntesis treinta is online!
[2024-09-26 17:30:08] [INFO] COMMANDS: 4 command(s) loaded successfully.
[2024-09-26 17:34:23] [INFO] EVENTS: 2 event(s) loaded successfully.
[2024-09-26 17:34:24] [INFO] API: osu! api v2 connection established.
[2024-09-26 17:34:24] [INFO] DATABASE: MongoDB connection established.
[2024-09-26 17:34:24] [INFO] alicia síntesis treinta is online!
[2024-09-26 17:34:24] [INFO] COMMANDS: 4 command(s) loaded successfully.
[2024-09-26 17:38:00] [INFO] EVENTS: 2 event(s) loaded successfully.
[2024-09-26 17:38:01] [INFO] API: osu! api v2 connection established.
[2024-09-26 17:38:01] [INFO] DATABASE: MongoDB connection established.
[2024-09-26 17:38:02] [INFO] alicia síntesis treinta is online!
[2024-09-26 17:38:02] [INFO] COMMANDS: 4 command(s) loaded successfully.
